Analysis & Elaboration report for Traffic_light_controller
Sat Jul 27 13:06:16 2024
Quartus Prime Version 20.1.1 Build 720 11/11/2020 SJ Lite Edition


---------------------
; Table of Contents ;
---------------------
  1. Legal Notice
  2. Analysis & Elaboration Summary
  3. Parallel Compilation
  4. Parameter Settings for User Entity Instance: counter:count
  5. Parameter Settings for User Entity Instance: side:direction
  6. Analysis & Elaboration Settings
  7. Analysis & Elaboration Messages
  8. Analysis & Elaboration Suppressed Messages



----------------
; Legal Notice ;
----------------
Copyright (C) 2020  Intel Corporation. All rights reserved.
Your use of Intel Corporation's design tools, logic functions 
and other software and tools, and any partner logic 
functions, and any output files from any of the foregoing 
(including device programming or simulation files), and any 
associated documentation or information are expressly subject 
to the terms and conditions of the Intel Program License 
Subscription Agreement, the Intel Quartus Prime License Agreement,
the Intel FPGA IP License Agreement, or other applicable license
agreement, including, without limitation, that your use is for
the sole purpose of programming logic devices manufactured by
Intel and sold by Intel or its authorized distributors.  Please
refer to the applicable agreement for further details, at
https://fpgasoftware.intel.com/eula.



+-----------------------------------------------------------------------------+
; Analysis & Elaboration Summary                                              ;
+-------------------------------+---------------------------------------------+
; Analysis & Elaboration Status ; Successful - Sat Jul 27 13:06:15 2024       ;
; Quartus Prime Version         ; 20.1.1 Build 720 11/11/2020 SJ Lite Edition ;
; Revision Name                 ; Traffic_light_controller                    ;
; Top-level Entity Name         ; Top_module                                  ;
; Family                        ; MAX V                                       ;
+-------------------------------+---------------------------------------------+


+------------------------------------------+
; Parallel Compilation                     ;
+----------------------------+-------------+
; Processors                 ; Number      ;
+----------------------------+-------------+
; Number detected on machine ; 16          ;
; Maximum allowed            ; 16          ;
;                            ;             ;
; Average used               ; 1.00        ;
; Maximum used               ; 1           ;
;                            ;             ;
; Usage by Processor         ; % Time Used ;
;     Processor 1            ; 100.0%      ;
+----------------------------+-------------+


+------------------------------------------------------------+
; Parameter Settings for User Entity Instance: counter:count ;
+----------------+-------+-----------------------------------+
; Parameter Name ; Value ; Type                              ;
+----------------+-------+-----------------------------------+
; s0             ; 00    ; Unsigned Binary                   ;
; s1             ; 01    ; Unsigned Binary                   ;
; s2             ; 11    ; Unsigned Binary                   ;
+----------------+-------+-----------------------------------+
Note: In order to hide this table in the UI and the text report file, please set the "Show Parameter Settings in Synthesis Report" option in "Analysis and Synthesis Settings -> More Settings" to "Off".


+-------------------------------------------------------------+
; Parameter Settings for User Entity Instance: side:direction ;
+----------------+-------+------------------------------------+
; Parameter Name ; Value ; Type                               ;
+----------------+-------+------------------------------------+
; s1             ; 0001  ; Unsigned Binary                    ;
; s2             ; 0010  ; Unsigned Binary                    ;
; s3             ; 0100  ; Unsigned Binary                    ;
; s4             ; 1000  ; Unsigned Binary                    ;
+----------------+-------+------------------------------------+
Note: In order to hide this table in the UI and the text report file, please set the "Show Parameter Settings in Synthesis Report" option in "Analysis and Synthesis Settings -> More Settings" to "Off".


+------------------------------------------------------------------------------------------------------------------+
; Analysis & Elaboration Settings                                                                                  ;
+------------------------------------------------------------------+--------------------+--------------------------+
; Option                                                           ; Setting            ; Default Value            ;
+------------------------------------------------------------------+--------------------+--------------------------+
; Top-level entity name                                            ; Top_module         ; Traffic_light_controller ;
; Family name                                                      ; MAX V              ; Cyclone V                ;
; Use smart compilation                                            ; Off                ; Off                      ;
; Enable parallel Assembler and Timing Analyzer during compilation ; On                 ; On                       ;
; Enable compact report table                                      ; Off                ; Off                      ;
; Restructure Multiplexers                                         ; Auto               ; Auto                     ;
; Create Debugging Nodes for IP Cores                              ; Off                ; Off                      ;
; Preserve fewer node names                                        ; On                 ; On                       ;
; Intel FPGA IP Evaluation Mode                                    ; Enable             ; Enable                   ;
; Verilog Version                                                  ; Verilog_2001       ; Verilog_2001             ;
; VHDL Version                                                     ; VHDL_1993          ; VHDL_1993                ;
; State Machine Processing                                         ; Auto               ; Auto                     ;
; Safe State Machine                                               ; Off                ; Off                      ;
; Extract Verilog State Machines                                   ; On                 ; On                       ;
; Extract VHDL State Machines                                      ; On                 ; On                       ;
; Ignore Verilog initial constructs                                ; Off                ; Off                      ;
; Iteration limit for constant Verilog loops                       ; 5000               ; 5000                     ;
; Iteration limit for non-constant Verilog loops                   ; 250                ; 250                      ;
; Add Pass-Through Logic to Inferred RAMs                          ; On                 ; On                       ;
; Infer RAMs from Raw Logic                                        ; On                 ; On                       ;
; Parallel Synthesis                                               ; On                 ; On                       ;
; NOT Gate Push-Back                                               ; On                 ; On                       ;
; Power-Up Don't Care                                              ; On                 ; On                       ;
; Remove Redundant Logic Cells                                     ; Off                ; Off                      ;
; Remove Duplicate Registers                                       ; On                 ; On                       ;
; Ignore CARRY Buffers                                             ; Off                ; Off                      ;
; Ignore CASCADE Buffers                                           ; Off                ; Off                      ;
; Ignore GLOBAL Buffers                                            ; Off                ; Off                      ;
; Ignore ROW GLOBAL Buffers                                        ; Off                ; Off                      ;
; Ignore LCELL Buffers                                             ; Off                ; Off                      ;
; Ignore SOFT Buffers                                              ; On                 ; On                       ;
; Limit AHDL Integers to 32 Bits                                   ; Off                ; Off                      ;
; Optimization Technique                                           ; Balanced           ; Balanced                 ;
; Carry Chain Length                                               ; 70                 ; 70                       ;
; Auto Carry Chains                                                ; On                 ; On                       ;
; Auto Open-Drain Pins                                             ; On                 ; On                       ;
; Perform WYSIWYG Primitive Resynthesis                            ; Off                ; Off                      ;
; Auto Shift Register Replacement                                  ; Auto               ; Auto                     ;
; Allow Shift Register Merging across Hierarchies                  ; Auto               ; Auto                     ;
; Auto Clock Enable Replacement                                    ; On                 ; On                       ;
; Allow Synchronous Control Signals                                ; On                 ; On                       ;
; Force Use of Synchronous Clear Signals                           ; Off                ; Off                      ;
; Auto Resource Sharing                                            ; Off                ; Off                      ;
; Use LogicLock Constraints during Resource Balancing              ; On                 ; On                       ;
; Ignore translate_off and synthesis_off directives                ; Off                ; Off                      ;
; Report Parameter Settings                                        ; On                 ; On                       ;
; Report Source Assignments                                        ; On                 ; On                       ;
; Report Connectivity Checks                                       ; On                 ; On                       ;
; Ignore Maximum Fan-Out Assignments                               ; Off                ; Off                      ;
; Synchronization Register Chain Length                            ; 2                  ; 2                        ;
; Power Optimization During Synthesis                              ; Normal compilation ; Normal compilation       ;
; HDL message level                                                ; Level2             ; Level2                   ;
; Suppress Register Optimization Related Messages                  ; Off                ; Off                      ;
; Number of Removed Registers Reported in Synthesis Report         ; 5000               ; 5000                     ;
; Number of Swept Nodes Reported in Synthesis Report               ; 5000               ; 5000                     ;
; Number of Inverted Registers Reported in Synthesis Report        ; 100                ; 100                      ;
; Clock MUX Protection                                             ; On                 ; On                       ;
; Block Design Naming                                              ; Auto               ; Auto                     ;
; Synthesis Effort                                                 ; Auto               ; Auto                     ;
; Shift Register Replacement - Allow Asynchronous Clear Signal     ; On                 ; On                       ;
; Analysis & Synthesis Message Level                               ; Medium             ; Medium                   ;
; Disable Register Merging Across Hierarchies                      ; Auto               ; Auto                     ;
+------------------------------------------------------------------+--------------------+--------------------------+


+---------------------------------+
; Analysis & Elaboration Messages ;
+---------------------------------+
Info: *******************************************************************
Info: Running Quartus Prime Analysis & Elaboration
    Info: Version 20.1.1 Build 720 11/11/2020 SJ Lite Edition
    Info: Processing started: Sat Jul 27 13:06:01 2024
Info: Command: quartus_map --read_settings_files=on --write_settings_files=off Traffic_light_controller -c Traffic_light_controller --analysis_and_elaboration
Warning (18236): Number of processors has not been specified which may cause overloading on shared machines.  Set the global assignment NUM_PARALLEL_PROCESSORS in your QSF to an appropriate value for best performance.
Info (20030): Parallel compilation is enabled and will use 16 of the 16 processors detected
Info (12021): Found 3 design units, including 3 entities, in source file traffic_light_controller.v
    Info (12023): Found entity 1: Top_module File: C:/Users/tania/Desktop/vlsi/4583-Verilog_labs/Verilog_labs/projects/Traffic_lights_controller/Traffic_light_controller.v Line: 1
    Info (12023): Found entity 2: counter File: C:/Users/tania/Desktop/vlsi/4583-Verilog_labs/Verilog_labs/projects/Traffic_lights_controller/Traffic_light_controller.v Line: 23
    Info (12023): Found entity 3: side File: C:/Users/tania/Desktop/vlsi/4583-Verilog_labs/Verilog_labs/projects/Traffic_lights_controller/Traffic_light_controller.v Line: 72
Info (12127): Elaborating entity "Top_module" for the top level hierarchy
Warning (10240): Verilog HDL Always Construct warning at Traffic_light_controller.v(8): inferring latch(es) for variable "Ri", which holds its previous value in one or more paths through the always construct File: C:/Users/tania/Desktop/vlsi/4583-Verilog_labs/Verilog_labs/projects/Traffic_lights_controller/Traffic_light_controller.v Line: 8
Info (10041): Inferred latch for "Ri[0]" at Traffic_light_controller.v(15) File: C:/Users/tania/Desktop/vlsi/4583-Verilog_labs/Verilog_labs/projects/Traffic_lights_controller/Traffic_light_controller.v Line: 15
Info (10041): Inferred latch for "Ri[1]" at Traffic_light_controller.v(15) File: C:/Users/tania/Desktop/vlsi/4583-Verilog_labs/Verilog_labs/projects/Traffic_lights_controller/Traffic_light_controller.v Line: 15
Info (10041): Inferred latch for "Ri[2]" at Traffic_light_controller.v(15) File: C:/Users/tania/Desktop/vlsi/4583-Verilog_labs/Verilog_labs/projects/Traffic_lights_controller/Traffic_light_controller.v Line: 15
Info (10041): Inferred latch for "Ri[3]" at Traffic_light_controller.v(15) File: C:/Users/tania/Desktop/vlsi/4583-Verilog_labs/Verilog_labs/projects/Traffic_lights_controller/Traffic_light_controller.v Line: 15
Info (12128): Elaborating entity "counter" for hierarchy "counter:count" File: C:/Users/tania/Desktop/vlsi/4583-Verilog_labs/Verilog_labs/projects/Traffic_lights_controller/Traffic_light_controller.v Line: 19
Warning (10230): Verilog HDL assignment warning at Traffic_light_controller.v(42): truncated value with size 32 to match size of target (6) File: C:/Users/tania/Desktop/vlsi/4583-Verilog_labs/Verilog_labs/projects/Traffic_lights_controller/Traffic_light_controller.v Line: 42
Info (12128): Elaborating entity "side" for hierarchy "side:direction" File: C:/Users/tania/Desktop/vlsi/4583-Verilog_labs/Verilog_labs/projects/Traffic_lights_controller/Traffic_light_controller.v Line: 20
Info (144001): Generated suppressed messages file C:/Users/tania/Desktop/vlsi/4583-Verilog_labs/Verilog_labs/projects/Traffic_lights_controller/output_files/Traffic_light_controller.map.smsg
Info: Quartus Prime Analysis & Elaboration was successful. 0 errors, 3 warnings
    Info: Peak virtual memory: 4691 megabytes
    Info: Processing ended: Sat Jul 27 13:06:16 2024
    Info: Elapsed time: 00:00:15
    Info: Total CPU time (on all processors): 00:00:20


+--------------------------------------------+
; Analysis & Elaboration Suppressed Messages ;
+--------------------------------------------+
The suppressed messages can be found in C:/Users/tania/Desktop/vlsi/4583-Verilog_labs/Verilog_labs/projects/Traffic_lights_controller/output_files/Traffic_light_controller.map.smsg.


